{"D:\\shoptrack\\backend\\src\\config\\db.js": {"path":"D:\\shoptrack\\backend\\src\\config\\db.js","statementMap":{"0":{"start":{"line":1,"column":17},"end":{"line":1,"column":30}},"1":{"start":{"line":2,"column":11},"end":{"line":2,"column":24}},"2":{"start":{"line":3,"column":13},"end":{"line":3,"column":28}},"3":{"start":{"line":5,"column":13},"end":{"line":11,"column":2}},"4":{"start":{"line":17,"column":15},"end":{"line":28,"column":1}},"5":{"start":{"line":18,"column":23},"end":{"line":18,"column":78}},"6":{"start":{"line":19,"column":21},"end":{"line":19,"column":74}},"7":{"start":{"line":21,"column":19},"end":{"line":21,"column":54}},"8":{"start":{"line":22,"column":17},"end":{"line":22,"column":50}},"9":{"start":{"line":24,"column":4},"end":{"line":24,"column":29}},"10":{"start":{"line":25,"column":4},"end":{"line":25,"column":27}},"11":{"start":{"line":27,"column":4},"end":{"line":27,"column":54}},"12":{"start":{"line":34,"column":14},"end":{"line":34,"column":24}},"13":{"start":{"line":34,"column":20},"end":{"line":34,"column":24}},"14":{"start":{"line":36,"column":0},"end":{"line":36,"column":35}}},"fnMap":{"0":{"name":"(anonymous_0)","decl":{"start":{"line":17,"column":15},"end":{"line":17,"column":16}},"loc":{"start":{"line":17,"column":27},"end":{"line":28,"column":1}},"line":17},"1":{"name":"(anonymous_1)","decl":{"start":{"line":34,"column":14},"end":{"line":34,"column":15}},"loc":{"start":{"line":34,"column":20},"end":{"line":34,"column":24}},"line":34}},"branchMap":{"0":{"loc":{"start":{"line":6,"column":10},"end":{"line":6,"column":44}},"type":"binary-expr","locations":[{"start":{"line":6,"column":10},"end":{"line":6,"column":29}},{"start":{"line":6,"column":33},"end":{"line":6,"column":44}}],"line":6},"1":{"loc":{"start":{"line":7,"column":10},"end":{"line":7,"column":37}},"type":"binary-expr","locations":[{"start":{"line":7,"column":10},"end":{"line":7,"column":29}},{"start":{"line":7,"column":33},"end":{"line":7,"column":37}}],"line":7},"2":{"loc":{"start":{"line":8,"column":14},"end":{"line":8,"column":48}},"type":"binary-expr","locations":[{"start":{"line":8,"column":14},"end":{"line":8,"column":33}},{"start":{"line":8,"column":37},"end":{"line":8,"column":48}}],"line":8},"3":{"loc":{"start":{"line":9,"column":10},"end":{"line":9,"column":43}},"type":"binary-expr","locations":[{"start":{"line":9,"column":10},"end":{"line":9,"column":29}},{"start":{"line":9,"column":33},"end":{"line":9,"column":43}}],"line":9},"4":{"loc":{"start":{"line":10,"column":14},"end":{"line":10,"column":46}},"type":"binary-expr","locations":[{"start":{"line":10,"column":14},"end":{"line":10,"column":37}},{"start":{"line":10,"column":41},"end":{"line":10,"column":46}}],"line":10}},"s":{"0":3,"1":3,"2":3,"3":3,"4":3,"5":0,"6":0,"7":0,"8":0,"9":0,"10":0,"11":0,"12":3,"13":0,"14":3},"f":{"0":0,"1":0},"b":{"0":[3,3],"1":[3,3],"2":[3,3],"3":[3,3],"4":[3,3]},"_coverageSchema":"1a1c01bbd47fc00a2c39e90264f33305004495a9","hash":"483f21b55fa5ca44210046415ba03029927a5103"}
,"D:\\shoptrack\\backend\\src\\controllers\\items.controller.js": {"path":"D:\\shoptrack\\backend\\src\\controllers\\items.controller.js","statementMap":{"0":{"start":{"line":1,"column":23},"end":{"line":1,"column":64}},"1":{"start":{"line":7,"column":20},"end":{"line":14,"column":1}},"2":{"start":{"line":8,"column":4},"end":{"line":13,"column":5}},"3":{"start":{"line":9,"column":22},"end":{"line":9,"column":52}},"4":{"start":{"line":10,"column":8},"end":{"line":10,"column":61}},"5":{"start":{"line":12,"column":8},"end":{"line":12,"column":20}},"6":{"start":{"line":20,"column":20},"end":{"line":30,"column":1}},"7":{"start":{"line":21,"column":4},"end":{"line":29,"column":5}},"8":{"start":{"line":22,"column":21},"end":{"line":22,"column":65}},"9":{"start":{"line":23,"column":8},"end":{"line":25,"column":9}},"10":{"start":{"line":24,"column":12},"end":{"line":24,"column":85}},"11":{"start":{"line":26,"column":8},"end":{"line":26,"column":60}},"12":{"start":{"line":28,"column":8},"end":{"line":28,"column":20}},"13":{"start":{"line":37,"column":19},"end":{"line":67,"column":1}},"14":{"start":{"line":38,"column":4},"end":{"line":66,"column":5}},"15":{"start":{"line":39,"column":52},"end":{"line":39,"column":60}},"16":{"start":{"line":41,"column":8},"end":{"line":46,"column":9}},"17":{"start":{"line":42,"column":12},"end":{"line":45,"column":15}},"18":{"start":{"line":48,"column":8},"end":{"line":53,"column":9}},"19":{"start":{"line":49,"column":12},"end":{"line":52,"column":15}},"20":{"start":{"line":55,"column":8},"end":{"line":60,"column":9}},"21":{"start":{"line":56,"column":12},"end":{"line":59,"column":15}},"22":{"start":{"line":62,"column":21},"end":{"line":62,"column":85}},"23":{"start":{"line":63,"column":8},"end":{"line":63,"column":60}},"24":{"start":{"line":65,"column":8},"end":{"line":65,"column":20}},"25":{"start":{"line":73,"column":19},"end":{"line":99,"column":1}},"26":{"start":{"line":74,"column":4},"end":{"line":98,"column":5}},"27":{"start":{"line":75,"column":52},"end":{"line":75,"column":60}},"28":{"start":{"line":77,"column":8},"end":{"line":82,"column":9}},"29":{"start":{"line":78,"column":12},"end":{"line":81,"column":15}},"30":{"start":{"line":84,"column":21},"end":{"line":89,"column":10}},"31":{"start":{"line":91,"column":8},"end":{"line":93,"column":9}},"32":{"start":{"line":92,"column":12},"end":{"line":92,"column":85}},"33":{"start":{"line":95,"column":8},"end":{"line":95,"column":60}},"34":{"start":{"line":97,"column":8},"end":{"line":97,"column":20}},"35":{"start":{"line":105,"column":19},"end":{"line":115,"column":1}},"36":{"start":{"line":106,"column":4},"end":{"line":114,"column":5}},"37":{"start":{"line":107,"column":24},"end":{"line":107,"column":66}},"38":{"start":{"line":108,"column":8},"end":{"line":110,"column":9}},"39":{"start":{"line":109,"column":12},"end":{"line":109,"column":85}},"40":{"start":{"line":111,"column":8},"end":{"line":111,"column":86}},"41":{"start":{"line":113,"column":8},"end":{"line":113,"column":20}},"42":{"start":{"line":117,"column":0},"end":{"line":117,"column":82}}},"fnMap":{"0":{"name":"(anonymous_0)","decl":{"start":{"line":7,"column":20},"end":{"line":7,"column":21}},"loc":{"start":{"line":7,"column":46},"end":{"line":14,"column":1}},"line":7},"1":{"name":"(anonymous_1)","decl":{"start":{"line":20,"column":20},"end":{"line":20,"column":21}},"loc":{"start":{"line":20,"column":46},"end":{"line":30,"column":1}},"line":20},"2":{"name":"(anonymous_2)","decl":{"start":{"line":37,"column":19},"end":{"line":37,"column":20}},"loc":{"start":{"line":37,"column":45},"end":{"line":67,"column":1}},"line":37},"3":{"name":"(anonymous_3)","decl":{"start":{"line":73,"column":19},"end":{"line":73,"column":20}},"loc":{"start":{"line":73,"column":45},"end":{"line":99,"column":1}},"line":73},"4":{"name":"(anonymous_4)","decl":{"start":{"line":105,"column":19},"end":{"line":105,"column":20}},"loc":{"start":{"line":105,"column":45},"end":{"line":115,"column":1}},"line":105}},"branchMap":{"0":{"loc":{"start":{"line":23,"column":8},"end":{"line":25,"column":9}},"type":"if","locations":[{"start":{"line":23,"column":8},"end":{"line":25,"column":9}},{"start":{},"end":{}}],"line":23},"1":{"loc":{"start":{"line":41,"column":8},"end":{"line":46,"column":9}},"type":"if","locations":[{"start":{"line":41,"column":8},"end":{"line":46,"column":9}},{"start":{},"end":{}}],"line":41},"2":{"loc":{"start":{"line":41,"column":12},"end":{"line":41,"column":66}},"type":"binary-expr","locations":[{"start":{"line":41,"column":12},"end":{"line":41,"column":17}},{"start":{"line":41,"column":21},"end":{"line":41,"column":27}},{"start":{"line":41,"column":31},"end":{"line":41,"column":40}},{"start":{"line":41,"column":44},"end":{"line":41,"column":66}}],"line":41},"3":{"loc":{"start":{"line":48,"column":8},"end":{"line":53,"column":9}},"type":"if","locations":[{"start":{"line":48,"column":8},"end":{"line":53,"column":9}},{"start":{},"end":{}}],"line":48},"4":{"loc":{"start":{"line":55,"column":8},"end":{"line":60,"column":9}},"type":"if","locations":[{"start":{"line":55,"column":8},"end":{"line":60,"column":9}},{"start":{},"end":{}}],"line":55},"5":{"loc":{"start":{"line":77,"column":8},"end":{"line":82,"column":9}},"type":"if","locations":[{"start":{"line":77,"column":8},"end":{"line":82,"column":9}},{"start":{},"end":{}}],"line":77},"6":{"loc":{"start":{"line":77,"column":12},"end":{"line":77,"column":66}},"type":"binary-expr","locations":[{"start":{"line":77,"column":12},"end":{"line":77,"column":17}},{"start":{"line":77,"column":21},"end":{"line":77,"column":27}},{"start":{"line":77,"column":31},"end":{"line":77,"column":40}},{"start":{"line":77,"column":44},"end":{"line":77,"column":66}}],"line":77},"7":{"loc":{"start":{"line":91,"column":8},"end":{"line":93,"column":9}},"type":"if","locations":[{"start":{"line":91,"column":8},"end":{"line":93,"column":9}},{"start":{},"end":{}}],"line":91},"8":{"loc":{"start":{"line":108,"column":8},"end":{"line":110,"column":9}},"type":"if","locations":[{"start":{"line":108,"column":8},"end":{"line":110,"column":9}},{"start":{},"end":{}}],"line":108}},"s":{"0":1,"1":1,"2":1,"3":1,"4":1,"5":0,"6":1,"7":0,"8":0,"9":0,"10":0,"11":0,"12":0,"13":1,"14":2,"15":2,"16":2,"17":1,"18":1,"19":0,"20":1,"21":0,"22":1,"23":1,"24":0,"25":1,"26":0,"27":0,"28":0,"29":0,"30":0,"31":0,"32":0,"33":0,"34":0,"35":1,"36":0,"37":0,"38":0,"39":0,"40":0,"41":0,"42":1},"f":{"0":1,"1":0,"2":2,"3":0,"4":0},"b":{"0":[0,0],"1":[1,1],"2":[2,1,1,1],"3":[0,1],"4":[0,1],"5":[0,0],"6":[0,0,0,0],"7":[0,0],"8":[0,0]},"_coverageSchema":"1a1c01bbd47fc00a2c39e90264f33305004495a9","hash":"ddab09b8280c68c914a141eea94c3dc8173c8593"}
,"D:\\shoptrack\\backend\\src\\controllers\\sales.controller.js": {"path":"D:\\shoptrack\\backend\\src\\controllers\\sales.controller.js","statementMap":{"0":{"start":{"line":1,"column":23},"end":{"line":1,"column":64}},"1":{"start":{"line":2,"column":23},"end":{"line":2,"column":64}},"2":{"start":{"line":8,"column":20},"end":{"line":15,"column":1}},"3":{"start":{"line":9,"column":4},"end":{"line":14,"column":5}},"4":{"start":{"line":10,"column":22},"end":{"line":10,"column":52}},"5":{"start":{"line":11,"column":8},"end":{"line":11,"column":61}},"6":{"start":{"line":13,"column":8},"end":{"line":13,"column":20}},"7":{"start":{"line":21,"column":20},"end":{"line":31,"column":1}},"8":{"start":{"line":22,"column":4},"end":{"line":30,"column":5}},"9":{"start":{"line":23,"column":21},"end":{"line":23,"column":65}},"10":{"start":{"line":24,"column":8},"end":{"line":26,"column":9}},"11":{"start":{"line":25,"column":12},"end":{"line":25,"column":85}},"12":{"start":{"line":27,"column":8},"end":{"line":27,"column":60}},"13":{"start":{"line":29,"column":8},"end":{"line":29,"column":20}},"14":{"start":{"line":39,"column":19},"end":{"line":95,"column":1}},"15":{"start":{"line":40,"column":4},"end":{"line":94,"column":5}},"16":{"start":{"line":41,"column":26},"end":{"line":41,"column":34}},"17":{"start":{"line":43,"column":8},"end":{"line":48,"column":9}},"18":{"start":{"line":44,"column":12},"end":{"line":47,"column":15}},"19":{"start":{"line":51,"column":8},"end":{"line":58,"column":9}},"20":{"start":{"line":52,"column":12},"end":{"line":57,"column":13}},"21":{"start":{"line":53,"column":16},"end":{"line":56,"column":19}},"22":{"start":{"line":61,"column":8},"end":{"line":75,"column":9}},"23":{"start":{"line":62,"column":29},"end":{"line":62,"column":72}},"24":{"start":{"line":63,"column":12},"end":{"line":68,"column":13}},"25":{"start":{"line":64,"column":16},"end":{"line":67,"column":19}},"26":{"start":{"line":69,"column":12},"end":{"line":74,"column":13}},"27":{"start":{"line":70,"column":16},"end":{"line":73,"column":19}},"28":{"start":{"line":78,"column":22},"end":{"line":81,"column":9}},"29":{"start":{"line":79,"column":27},"end":{"line":79,"column":59}},"30":{"start":{"line":84,"column":21},"end":{"line":84,"column":66}},"31":{"start":{"line":87,"column":8},"end":{"line":89,"column":9}},"32":{"start":{"line":88,"column":12},"end":{"line":88,"column":77}},"33":{"start":{"line":91,"column":8},"end":{"line":91,"column":60}},"34":{"start":{"line":93,"column":8},"end":{"line":93,"column":20}},"35":{"start":{"line":97,"column":0},"end":{"line":97,"column":58}}},"fnMap":{"0":{"name":"(anonymous_0)","decl":{"start":{"line":8,"column":20},"end":{"line":8,"column":21}},"loc":{"start":{"line":8,"column":46},"end":{"line":15,"column":1}},"line":8},"1":{"name":"(anonymous_1)","decl":{"start":{"line":21,"column":20},"end":{"line":21,"column":21}},"loc":{"start":{"line":21,"column":46},"end":{"line":31,"column":1}},"line":21},"2":{"name":"(anonymous_2)","decl":{"start":{"line":39,"column":19},"end":{"line":39,"column":20}},"loc":{"start":{"line":39,"column":45},"end":{"line":95,"column":1}},"line":39},"3":{"name":"(anonymous_3)","decl":{"start":{"line":79,"column":12},"end":{"line":79,"column":13}},"loc":{"start":{"line":79,"column":27},"end":{"line":79,"column":59}},"line":79}},"branchMap":{"0":{"loc":{"start":{"line":24,"column":8},"end":{"line":26,"column":9}},"type":"if","locations":[{"start":{"line":24,"column":8},"end":{"line":26,"column":9}},{"start":{},"end":{}}],"line":24},"1":{"loc":{"start":{"line":43,"column":8},"end":{"line":48,"column":9}},"type":"if","locations":[{"start":{"line":43,"column":8},"end":{"line":48,"column":9}},{"start":{},"end":{}}],"line":43},"2":{"loc":{"start":{"line":43,"column":12},"end":{"line":43,"column":65}},"type":"binary-expr","locations":[{"start":{"line":43,"column":12},"end":{"line":43,"column":18}},{"start":{"line":43,"column":22},"end":{"line":43,"column":43}},{"start":{"line":43,"column":47},"end":{"line":43,"column":65}}],"line":43},"3":{"loc":{"start":{"line":52,"column":12},"end":{"line":57,"column":13}},"type":"if","locations":[{"start":{"line":52,"column":12},"end":{"line":57,"column":13}},{"start":{},"end":{}}],"line":52},"4":{"loc":{"start":{"line":52,"column":16},"end":{"line":52,"column":81}},"type":"binary-expr","locations":[{"start":{"line":52,"column":16},"end":{"line":52,"column":29}},{"start":{"line":52,"column":33},"end":{"line":52,"column":48}},{"start":{"line":52,"column":52},"end":{"line":52,"column":63}},{"start":{"line":52,"column":67},"end":{"line":52,"column":81}}],"line":52},"5":{"loc":{"start":{"line":63,"column":12},"end":{"line":68,"column":13}},"type":"if","locations":[{"start":{"line":63,"column":12},"end":{"line":68,"column":13}},{"start":{},"end":{}}],"line":63},"6":{"loc":{"start":{"line":69,"column":12},"end":{"line":74,"column":13}},"type":"if","locations":[{"start":{"line":69,"column":12},"end":{"line":74,"column":13}},{"start":{},"end":{}}],"line":69}},"s":{"0":1,"1":1,"2":1,"3":1,"4":1,"5":1,"6":0,"7":1,"8":0,"9":0,"10":0,"11":0,"12":0,"13":0,"14":1,"15":3,"16":3,"17":3,"18":1,"19":2,"20":2,"21":0,"22":2,"23":2,"24":2,"25":0,"26":2,"27":1,"28":1,"29":1,"30":1,"31":1,"32":1,"33":1,"34":0,"35":1},"f":{"0":1,"1":0,"2":3,"3":1},"b":{"0":[0,0],"1":[1,2],"2":[3,3,3],"3":[0,2],"4":[2,2,2,2],"5":[0,2],"6":[1,1]},"_coverageSchema":"1a1c01bbd47fc00a2c39e90264f33305004495a9","hash":"f48b1050232f810cc763fd67a22801a70865104f"}
,"D:\\shoptrack\\backend\\src\\middleware\\auth.js": {"path":"D:\\shoptrack\\backend\\src\\middleware\\auth.js","statementMap":{"0":{"start":{"line":9,"column":13},"end":{"line":11,"column":1}},"1":{"start":{"line":10,"column":4},"end":{"line":10,"column":11}},"2":{"start":{"line":13,"column":0},"end":{"line":13,"column":22}}},"fnMap":{"0":{"name":"(anonymous_0)","decl":{"start":{"line":9,"column":13},"end":{"line":9,"column":14}},"loc":{"start":{"line":9,"column":33},"end":{"line":11,"column":1}},"line":9}},"branchMap":{},"s":{"0":2,"1":6,"2":2},"f":{"0":6},"b":{},"_coverageSchema":"1a1c01bbd47fc00a2c39e90264f33305004495a9","hash":"f86e97f4a3ba8a7eeefbbe34679af9114944d5ae"}
,"D:\\shoptrack\\backend\\src\\models\\Item.js": {"path":"D:\\shoptrack\\backend\\src\\models\\Item.js","statementMap":{"0":{"start":{"line":17,"column":8},"end":{"line":17,"column":26}},"1":{"start":{"line":18,"column":8},"end":{"line":18,"column":30}},"2":{"start":{"line":19,"column":8},"end":{"line":19,"column":32}},"3":{"start":{"line":20,"column":8},"end":{"line":20,"column":38}},"4":{"start":{"line":21,"column":8},"end":{"line":21,"column":38}},"5":{"start":{"line":22,"column":8},"end":{"line":22,"column":42}},"6":{"start":{"line":23,"column":8},"end":{"line":23,"column":42}},"7":{"start":{"line":27,"column":0},"end":{"line":27,"column":22}}},"fnMap":{"0":{"name":"(anonymous_0)","decl":{"start":{"line":16,"column":4},"end":{"line":16,"column":5}},"loc":{"start":{"line":16,"column":22},"end":{"line":24,"column":5}},"line":16}},"branchMap":{},"s":{"0":0,"1":0,"2":0,"3":0,"4":0,"5":0,"6":0,"7":2},"f":{"0":0},"b":{},"_coverageSchema":"1a1c01bbd47fc00a2c39e90264f33305004495a9","hash":"76f93f32860778b8ddc3a389684204d9f460d3b7"}
,"D:\\shoptrack\\backend\\src\\models\\Sale.js": {"path":"D:\\shoptrack\\backend\\src\\models\\Sale.js","statementMap":{"0":{"start":{"line":14,"column":8},"end":{"line":14,"column":26}},"1":{"start":{"line":15,"column":8},"end":{"line":15,"column":32}},"2":{"start":{"line":16,"column":8},"end":{"line":16,"column":38}},"3":{"start":{"line":17,"column":8},"end":{"line":17,"column":42}},"4":{"start":{"line":21,"column":0},"end":{"line":21,"column":22}}},"fnMap":{"0":{"name":"(anonymous_0)","decl":{"start":{"line":13,"column":4},"end":{"line":13,"column":5}},"loc":{"start":{"line":13,"column":22},"end":{"line":18,"column":5}},"line":13}},"branchMap":{"0":{"loc":{"start":{"line":16,"column":21},"end":{"line":16,"column":37}},"type":"binary-expr","locations":[{"start":{"line":16,"column":21},"end":{"line":16,"column":31}},{"start":{"line":16,"column":35},"end":{"line":16,"column":37}}],"line":16}},"s":{"0":0,"1":0,"2":0,"3":0,"4":1},"f":{"0":0},"b":{"0":[0,0]},"_coverageSchema":"1a1c01bbd47fc00a2c39e90264f33305004495a9","hash":"9678f672b70d2ad009218923b60b25432b0d9ce6"}
,"D:\\shoptrack\\backend\\src\\repositories\\ItemRepository.js": {"path":"D:\\shoptrack\\backend\\src\\repositories\\ItemRepository.js","statementMap":{"0":{"start":{"line":1,"column":18},"end":{"line":1,"column":41}},"1":{"start":{"line":2,"column":13},"end":{"line":2,"column":38}},"2":{"start":{"line":3,"column":23},"end":{"line":3,"column":38}},"3":{"start":{"line":16,"column":19},"end":{"line":16,"column":26}},"4":{"start":{"line":17,"column":23},"end":{"line":19,"column":9}},"5":{"start":{"line":20,"column":8},"end":{"line":20,"column":55}},"6":{"start":{"line":20,"column":40},"end":{"line":20,"column":53}},"7":{"start":{"line":29,"column":19},"end":{"line":29,"column":26}},"8":{"start":{"line":30,"column":23},"end":{"line":33,"column":9}},"9":{"start":{"line":34,"column":8},"end":{"line":34,"column":50}},"10":{"start":{"line":34,"column":38},"end":{"line":34,"column":50}},"11":{"start":{"line":35,"column":8},"end":{"line":35,"column":40}},"12":{"start":{"line":48,"column":19},"end":{"line":48,"column":26}},"13":{"start":{"line":49,"column":19},"end":{"line":49,"column":61}},"14":{"start":{"line":50,"column":23},"end":{"line":55,"column":9}},"15":{"start":{"line":56,"column":8},"end":{"line":56,"column":40}},"16":{"start":{"line":66,"column":19},"end":{"line":66,"column":26}},"17":{"start":{"line":67,"column":23},"end":{"line":73,"column":9}},"18":{"start":{"line":74,"column":8},"end":{"line":74,"column":50}},"19":{"start":{"line":74,"column":38},"end":{"line":74,"column":50}},"20":{"start":{"line":75,"column":8},"end":{"line":75,"column":40}},"21":{"start":{"line":85,"column":19},"end":{"line":85,"column":26}},"22":{"start":{"line":86,"column":23},"end":{"line":92,"column":9}},"23":{"start":{"line":93,"column":8},"end":{"line":93,"column":50}},"24":{"start":{"line":93,"column":38},"end":{"line":93,"column":50}},"25":{"start":{"line":94,"column":8},"end":{"line":94,"column":40}},"26":{"start":{"line":103,"column":19},"end":{"line":103,"column":26}},"27":{"start":{"line":104,"column":23},"end":{"line":107,"column":9}},"28":{"start":{"line":108,"column":8},"end":{"line":108,"column":35}},"29":{"start":{"line":112,"column":0},"end":{"line":112,"column":38}}},"fnMap":{"0":{"name":"(anonymous_0)","decl":{"start":{"line":15,"column":4},"end":{"line":15,"column":5}},"loc":{"start":{"line":15,"column":20},"end":{"line":21,"column":5}},"line":15},"1":{"name":"(anonymous_1)","decl":{"start":{"line":20,"column":31},"end":{"line":20,"column":32}},"loc":{"start":{"line":20,"column":40},"end":{"line":20,"column":53}},"line":20},"2":{"name":"(anonymous_2)","decl":{"start":{"line":28,"column":4},"end":{"line":28,"column":5}},"loc":{"start":{"line":28,"column":23},"end":{"line":36,"column":5}},"line":28},"3":{"name":"(anonymous_3)","decl":{"start":{"line":47,"column":4},"end":{"line":47,"column":5}},"loc":{"start":{"line":47,"column":23},"end":{"line":57,"column":5}},"line":47},"4":{"name":"(anonymous_4)","decl":{"start":{"line":65,"column":4},"end":{"line":65,"column":5}},"loc":{"start":{"line":65,"column":27},"end":{"line":76,"column":5}},"line":65},"5":{"name":"(anonymous_5)","decl":{"start":{"line":84,"column":4},"end":{"line":84,"column":5}},"loc":{"start":{"line":84,"column":39},"end":{"line":95,"column":5}},"line":84},"6":{"name":"(anonymous_6)","decl":{"start":{"line":102,"column":4},"end":{"line":102,"column":5}},"loc":{"start":{"line":102,"column":21},"end":{"line":109,"column":5}},"line":102}},"branchMap":{"0":{"loc":{"start":{"line":34,"column":8},"end":{"line":34,"column":50}},"type":"if","locations":[{"start":{"line":34,"column":8},"end":{"line":34,"column":50}},{"start":{},"end":{}}],"line":34},"1":{"loc":{"start":{"line":74,"column":8},"end":{"line":74,"column":50}},"type":"if","locations":[{"start":{"line":74,"column":8},"end":{"line":74,"column":50}},{"start":{},"end":{}}],"line":74},"2":{"loc":{"start":{"line":93,"column":8},"end":{"line":93,"column":50}},"type":"if","locations":[{"start":{"line":93,"column":8},"end":{"line":93,"column":50}},{"start":{},"end":{}}],"line":93}},"s":{"0":2,"1":2,"2":2,"3":0,"4":0,"5":0,"6":0,"7":0,"8":0,"9":0,"10":0,"11":0,"12":0,"13":0,"14":0,"15":0,"16":0,"17":0,"18":0,"19":0,"20":0,"21":0,"22":0,"23":0,"24":0,"25":0,"26":0,"27":0,"28":0,"29":2},"f":{"0":0,"1":0,"2":0,"3":0,"4":0,"5":0,"6":0},"b":{"0":[0,0],"1":[0,0],"2":[0,0]},"_coverageSchema":"1a1c01bbd47fc00a2c39e90264f33305004495a9","hash":"ab1bd36a9381abaa5cf4a5d9fc1ce6bbc12daf03"}
,"D:\\shoptrack\\backend\\src\\repositories\\SaleRepository.js": {"path":"D:\\shoptrack\\backend\\src\\repositories\\SaleRepository.js","statementMap":{"0":{"start":{"line":1,"column":18},"end":{"line":1,"column":41}},"1":{"start":{"line":2,"column":13},"end":{"line":2,"column":38}},"2":{"start":{"line":3,"column":23},"end":{"line":3,"column":38}},"3":{"start":{"line":16,"column":19},"end":{"line":16,"column":26}},"4":{"start":{"line":18,"column":28},"end":{"line":20,"column":9}},"5":{"start":{"line":22,"column":22},"end":{"line":30,"column":9}},"6":{"start":{"line":24,"column":36},"end":{"line":27,"column":17}},"7":{"start":{"line":28,"column":16},"end":{"line":28,"column":70}},"8":{"start":{"line":32,"column":8},"end":{"line":32,"column":21}},"9":{"start":{"line":41,"column":19},"end":{"line":41,"column":26}},"10":{"start":{"line":43,"column":27},"end":{"line":46,"column":9}},"11":{"start":{"line":47,"column":8},"end":{"line":47,"column":54}},"12":{"start":{"line":47,"column":42},"end":{"line":47,"column":54}},"13":{"start":{"line":49,"column":28},"end":{"line":52,"column":9}},"14":{"start":{"line":54,"column":8},"end":{"line":54,"column":76}},"15":{"start":{"line":65,"column":19},"end":{"line":65,"column":26}},"16":{"start":{"line":66,"column":23},"end":{"line":66,"column":65}},"17":{"start":{"line":68,"column":23},"end":{"line":68,"column":41}},"18":{"start":{"line":70,"column":8},"end":{"line":100,"column":9}},"19":{"start":{"line":71,"column":12},"end":{"line":71,"column":40}},"20":{"start":{"line":73,"column":31},"end":{"line":76,"column":13}},"21":{"start":{"line":78,"column":34},"end":{"line":78,"column":36}},"22":{"start":{"line":80,"column":12},"end":{"line":89,"column":13}},"23":{"start":{"line":81,"column":31},"end":{"line":81,"column":39}},"24":{"start":{"line":82,"column":35},"end":{"line":87,"column":17}},"25":{"start":{"line":88,"column":16},"end":{"line":88,"column":55}},"26":{"start":{"line":91,"column":12},"end":{"line":91,"column":41}},"27":{"start":{"line":93,"column":12},"end":{"line":93,"column":77}},"28":{"start":{"line":96,"column":12},"end":{"line":96,"column":43}},"29":{"start":{"line":97,"column":12},"end":{"line":97,"column":24}},"30":{"start":{"line":99,"column":12},"end":{"line":99,"column":29}},"31":{"start":{"line":104,"column":0},"end":{"line":104,"column":38}}},"fnMap":{"0":{"name":"(anonymous_0)","decl":{"start":{"line":15,"column":4},"end":{"line":15,"column":5}},"loc":{"start":{"line":15,"column":20},"end":{"line":33,"column":5}},"line":15},"1":{"name":"(anonymous_1)","decl":{"start":{"line":23,"column":33},"end":{"line":23,"column":34}},"loc":{"start":{"line":23,"column":49},"end":{"line":29,"column":13}},"line":23},"2":{"name":"(anonymous_2)","decl":{"start":{"line":40,"column":4},"end":{"line":40,"column":5}},"loc":{"start":{"line":40,"column":23},"end":{"line":55,"column":5}},"line":40},"3":{"name":"(anonymous_3)","decl":{"start":{"line":64,"column":4},"end":{"line":64,"column":5}},"loc":{"start":{"line":64,"column":23},"end":{"line":101,"column":5}},"line":64}},"branchMap":{"0":{"loc":{"start":{"line":47,"column":8},"end":{"line":47,"column":54}},"type":"if","locations":[{"start":{"line":47,"column":8},"end":{"line":47,"column":54}},{"start":{},"end":{}}],"line":47}},"s":{"0":1,"1":1,"2":1,"3":0,"4":0,"5":0,"6":0,"7":0,"8":0,"9":0,"10":0,"11":0,"12":0,"13":0,"14":0,"15":0,"16":0,"17":0,"18":0,"19":0,"20":0,"21":0,"22":0,"23":0,"24":0,"25":0,"26":0,"27":0,"28":0,"29":0,"30":0,"31":1},"f":{"0":0,"1":0,"2":0,"3":0},"b":{"0":[0,0]},"_coverageSchema":"1a1c01bbd47fc00a2c39e90264f33305004495a9","hash":"d793db0b8e4c0322b8e4eefa059ac6ab479d894f"}
,"D:\\shoptrack\\backend\\src\\routes\\items.routes.js": {"path":"D:\\shoptrack\\backend\\src\\routes\\items.routes.js","statementMap":{"0":{"start":{"line":1,"column":16},"end":{"line":1,"column":34}},"1":{"start":{"line":2,"column":15},"end":{"line":2,"column":31}},"2":{"start":{"line":3,"column":13},"end":{"line":3,"column":42}},"3":{"start":{"line":10,"column":4},"end":{"line":10,"column":46}},"4":{"start":{"line":17,"column":0},"end":{"line":17,"column":29}},"5":{"start":{"line":24,"column":0},"end":{"line":24,"column":32}},"6":{"start":{"line":31,"column":0},"end":{"line":31,"column":35}},"7":{"start":{"line":38,"column":0},"end":{"line":38,"column":37}},"8":{"start":{"line":45,"column":0},"end":{"line":45,"column":40}},"9":{"start":{"line":47,"column":0},"end":{"line":47,"column":24}}},"fnMap":{},"branchMap":{},"s":{"0":1,"1":1,"2":1,"3":1,"4":1,"5":1,"6":1,"7":1,"8":1,"9":1},"f":{},"b":{},"_coverageSchema":"1a1c01bbd47fc00a2c39e90264f33305004495a9","hash":"37a471ad1f84d7a999cac5a5b27d1e0e3bfb6d4d"}
,"D:\\shoptrack\\backend\\src\\routes\\sales.routes.js": {"path":"D:\\shoptrack\\backend\\src\\routes\\sales.routes.js","statementMap":{"0":{"start":{"line":1,"column":16},"end":{"line":1,"column":34}},"1":{"start":{"line":2,"column":15},"end":{"line":2,"column":31}},"2":{"start":{"line":3,"column":13},"end":{"line":3,"column":42}},"3":{"start":{"line":8,"column":4},"end":{"line":8,"column":46}},"4":{"start":{"line":15,"column":0},"end":{"line":15,"column":35}},"5":{"start":{"line":22,"column":0},"end":{"line":22,"column":38}},"6":{"start":{"line":29,"column":0},"end":{"line":29,"column":35}},"7":{"start":{"line":31,"column":0},"end":{"line":31,"column":24}}},"fnMap":{},"branchMap":{},"s":{"0":1,"1":1,"2":1,"3":1,"4":1,"5":1,"6":1,"7":1},"f":{},"b":{},"_coverageSchema":"1a1c01bbd47fc00a2c39e90264f33305004495a9","hash":"72320876f87331d92009da1b992c56c4d12417a4"}
}
