TN:
SF:src\config\db.js
FN:17,(anonymous_0)
FN:34,(anonymous_1)
FNF:2
FNH:0
FNDA:0,(anonymous_0)
FNDA:0,(anonymous_1)
DA:1,3
DA:2,3
DA:3,3
DA:5,3
DA:17,3
DA:18,0
DA:19,0
DA:21,0
DA:22,0
DA:24,0
DA:25,0
DA:27,0
DA:34,3
DA:36,3
LF:14
LH:7
BRDA:6,0,0,3
BRDA:6,0,1,3
BRDA:7,1,0,3
BRDA:7,1,1,3
BRDA:8,2,0,3
BRDA:8,2,1,3
BRDA:9,3,0,3
BRDA:9,3,1,3
BRDA:10,4,0,3
BRDA:10,4,1,3
BRF:10
BRH:10
end_of_record
TN:
SF:src\controllers\items.controller.js
FN:7,(anonymous_0)
FN:20,(anonymous_1)
FN:37,(anonymous_2)
FN:73,(anonymous_3)
FN:105,(anonymous_4)
FNF:5
FNH:2
FNDA:1,(anonymous_0)
FNDA:0,(anonymous_1)
FNDA:2,(anonymous_2)
FNDA:0,(anonymous_3)
FNDA:0,(anonymous_4)
DA:1,1
DA:7,1
DA:8,1
DA:9,1
DA:10,1
DA:12,0
DA:20,1
DA:21,0
DA:22,0
DA:23,0
DA:24,0
DA:26,0
DA:28,0
DA:37,1
DA:38,2
DA:39,2
DA:41,2
DA:42,1
DA:48,1
DA:49,0
DA:55,1
DA:56,0
DA:62,1
DA:63,1
DA:65,0
DA:73,1
DA:74,0
DA:75,0
DA:77,0
DA:78,0
DA:84,0
DA:91,0
DA:92,0
DA:95,0
DA:97,0
DA:105,1
DA:106,0
DA:107,0
DA:108,0
DA:109,0
DA:111,0
DA:113,0
DA:117,1
LF:43
LH:18
BRDA:23,0,0,0
BRDA:23,0,1,0
BRDA:41,1,0,1
BRDA:41,1,1,1
BRDA:41,2,0,2
BRDA:41,2,1,1
BRDA:41,2,2,1
BRDA:41,2,3,1
BRDA:48,3,0,0
BRDA:48,3,1,1
BRDA:55,4,0,0
BRDA:55,4,1,1
BRDA:77,5,0,0
BRDA:77,5,1,0
BRDA:77,6,0,0
BRDA:77,6,1,0
BRDA:77,6,2,0
BRDA:77,6,3,0
BRDA:91,7,0,0
BRDA:91,7,1,0
BRDA:108,8,0,0
BRDA:108,8,1,0
BRF:22
BRH:8
end_of_record
TN:
SF:src\controllers\sales.controller.js
FN:8,(anonymous_0)
FN:21,(anonymous_1)
FN:39,(anonymous_2)
FN:79,(anonymous_3)
FNF:4
FNH:3
FNDA:1,(anonymous_0)
FNDA:0,(anonymous_1)
FNDA:3,(anonymous_2)
FNDA:1,(anonymous_3)
DA:1,1
DA:2,1
DA:8,1
DA:9,1
DA:10,1
DA:11,1
DA:13,0
DA:21,1
DA:22,0
DA:23,0
DA:24,0
DA:25,0
DA:27,0
DA:29,0
DA:39,1
DA:40,3
DA:41,3
DA:43,3
DA:44,1
DA:51,2
DA:52,2
DA:53,0
DA:61,2
DA:62,2
DA:63,2
DA:64,0
DA:69,2
DA:70,1
DA:78,1
DA:79,1
DA:84,1
DA:87,1
DA:88,1
DA:91,1
DA:93,0
DA:97,1
LF:36
LH:26
BRDA:24,0,0,0
BRDA:24,0,1,0
BRDA:43,1,0,1
BRDA:43,1,1,2
BRDA:43,2,0,3
BRDA:43,2,1,3
BRDA:43,2,2,3
BRDA:52,3,0,0
BRDA:52,3,1,2
BRDA:52,4,0,2
BRDA:52,4,1,2
BRDA:52,4,2,2
BRDA:52,4,3,2
BRDA:63,5,0,0
BRDA:63,5,1,2
BRDA:69,6,0,1
BRDA:69,6,1,1
BRF:17
BRH:13
end_of_record
TN:
SF:src\middleware\auth.js
FN:9,(anonymous_0)
FNF:1
FNH:1
FNDA:6,(anonymous_0)
DA:9,2
DA:10,6
DA:13,2
LF:3
LH:3
BRF:0
BRH:0
end_of_record
TN:
SF:src\models\Item.js
FN:16,(anonymous_0)
FNF:1
FNH:0
FNDA:0,(anonymous_0)
DA:17,0
DA:18,0
DA:19,0
DA:20,0
DA:21,0
DA:22,0
DA:23,0
DA:27,2
LF:8
LH:1
BRF:0
BRH:0
end_of_record
TN:
SF:src\models\Sale.js
FN:13,(anonymous_0)
FNF:1
FNH:0
FNDA:0,(anonymous_0)
DA:14,0
DA:15,0
DA:16,0
DA:17,0
DA:21,1
LF:5
LH:1
BRDA:16,0,0,0
BRDA:16,0,1,0
BRF:2
BRH:0
end_of_record
TN:
SF:src\repositories\ItemRepository.js
FN:15,(anonymous_0)
FN:20,(anonymous_1)
FN:28,(anonymous_2)
FN:47,(anonymous_3)
FN:65,(anonymous_4)
FN:84,(anonymous_5)
FN:102,(anonymous_6)
FNF:7
FNH:0
FNDA:0,(anonymous_0)
FNDA:0,(anonymous_1)
FNDA:0,(anonymous_2)
FNDA:0,(anonymous_3)
FNDA:0,(anonymous_4)
FNDA:0,(anonymous_5)
FNDA:0,(anonymous_6)
DA:1,2
DA:2,2
DA:3,2
DA:16,0
DA:17,0
DA:20,0
DA:29,0
DA:30,0
DA:34,0
DA:35,0
DA:48,0
DA:49,0
DA:50,0
DA:56,0
DA:66,0
DA:67,0
DA:74,0
DA:75,0
DA:85,0
DA:86,0
DA:93,0
DA:94,0
DA:103,0
DA:104,0
DA:108,0
DA:112,2
LF:26
LH:4
BRDA:34,0,0,0
BRDA:34,0,1,0
BRDA:74,1,0,0
BRDA:74,1,1,0
BRDA:93,2,0,0
BRDA:93,2,1,0
BRF:6
BRH:0
end_of_record
TN:
SF:src\repositories\SaleRepository.js
FN:15,(anonymous_0)
FN:23,(anonymous_1)
FN:40,(anonymous_2)
FN:64,(anonymous_3)
FNF:4
FNH:0
FNDA:0,(anonymous_0)
FNDA:0,(anonymous_1)
FNDA:0,(anonymous_2)
FNDA:0,(anonymous_3)
DA:1,1
DA:2,1
DA:3,1
DA:16,0
DA:18,0
DA:22,0
DA:24,0
DA:28,0
DA:32,0
DA:41,0
DA:43,0
DA:47,0
DA:49,0
DA:54,0
DA:65,0
DA:66,0
DA:68,0
DA:70,0
DA:71,0
DA:73,0
DA:78,0
DA:80,0
DA:81,0
DA:82,0
DA:88,0
DA:91,0
DA:93,0
DA:96,0
DA:97,0
DA:99,0
DA:104,1
LF:31
LH:4
BRDA:47,0,0,0
BRDA:47,0,1,0
BRF:2
BRH:0
end_of_record
TN:
SF:src\routes\items.routes.js
FNF:0
FNH:0
DA:1,1
DA:2,1
DA:3,1
DA:10,1
DA:17,1
DA:24,1
DA:31,1
DA:38,1
DA:45,1
DA:47,1
LF:10
LH:10
BRF:0
BRH:0
end_of_record
TN:
SF:src\routes\sales.routes.js
FNF:0
FNH:0
DA:1,1
DA:2,1
DA:3,1
DA:8,1
DA:15,1
DA:22,1
DA:29,1
DA:31,1
LF:8
LH:8
BRF:0
BRH:0
end_of_record
